Press c 出价, j 加价, enter 确认
Press c 出价, j 加价, enter 确认
Press c 出价, j 加价, enter 确认
第一次自动加价300 将于 2022-10-22 11:29:20 触发
按v，自动测试加价和提交
第一次自动提交 将于 2022-10-22 11:29:30 触发
第二次自动加价700 将于 2022-10-22 11:29:49 触发
按回车，设置为允许到时自动提交
第二次自动提交 将于 2022-10-22 11:29:54.500000 触发
2022-10-22 12:53:07.146514 !! 加价300
2022-10-22 12:53:08.473682 !! 加价700
Press c 出价, j 加价, enter 确认
第一次自动加价300 将于 2022-10-22 11:29:20 触发
第一次自动提交 将于 2022-10-22 11:29:30 触发
第二次自动加价700 将于 2022-10-22 11:29:49 触发
第二次自动提交 将于 2022-10-22 11:29:54.500000 触发
2022-10-22 12:57:00.040265 !! 加价300
按v，自动测试加价和提交
按回车，设置为允许到时自动提交
2022-10-22 12:57:00.040265 !! 加价300完毕
2022-10-22 12:57:01.283680 !! 加价700
2022-10-22 12:57:01.283680 !! 加价700完毕


===================

Press c 出价, j 加价, enter 确认
第一次自动加价300 将于 2022-10-22 11:29:20 触发
第一次自动提交 将于 2022-10-22 11:29:30 触发
第二次自动加价700 将于 2022-10-22 11:29:49 触发
第二次自动提交 将于 2022-10-22 11:29:54.500000 触发
2022-10-22 12:57:59.038336 !! 加价300
按v，自动测试加价和提交
按回车，设置为允许到时自动提交
2022-10-22 12:57:59.038336 !! 加价300完毕
2022-10-22 12:58:00.316060 !! 加价700
2022-10-22 12:58:00.316060 !! 加价700完毕


===================

Press c 出价, j 加价, enter 确认
第一次自动加价300 将于 2022-10-22 11:29:20 触发
第一次自动提交 将于 2022-10-22 11:29:30 触发
第二次自动加价700 将于 2022-10-22 11:29:49 触发
第二次自动提交 将于 2022-10-22 11:29:54.500000 触发
2022-10-22 12:58:40.235281 !! 加价300
按v，自动测试加价和提交
按回车，设置为允许到时自动提交
2022-10-22 12:58:40.235281 !! 加价300完毕
2022-10-22 12:58:41.476966 !! 加价700
2022-10-22 12:58:41.476966 !! 加价700完毕


===================

Press c 出价, j 加价, enter 确认
第一次自动加价300 将于 2022-10-22 13:14:07.857159 触发
第一次自动提交 将于 2022-10-22 13:14:17.857159 触发
第二次自动加价700 将于 2022-10-22 13:14:36.857159 触发
按v，自动测试加价和提交
按回车，设置为允许到时自动提交
第二次自动提交 将于 2022-10-22 13:14:42.357159 触发
2022-10-22 13:14:37.860644 !! 加价300
2022-10-22 13:14:37.860644 !! 加价300完毕
2022-10-22 13:14:39.148444 !! 加价700
2022-10-22 13:14:39.148444 !! 加价700完毕
2022-10-22 13:14:45.436571 !! 验证码输入完毕
2022-10-22 13:14:45.439048 !! 提交
2022-10-22 13:14:45.439048 !! 提交完毕
