

=========2022-11-19 11:11:15.427464==========

Press c 出价, j 加价, enter 确认
第一次自动加价300 将于 2022-11-19 11:29:20 触发
第一次自动提交 将于 2022-11-19 11:29:30 触发
第二次自动加价600 将于 2022-11-19 11:29:49 触发
第二次自动提交 将于 2022-11-19 11:29:54.800000 触发
按v，自动测试加价和提交
按回车，设置为允许到时自动提交
2022-11-19 11:12:10.612016 !! 验证码输入完毕


=========2022-11-19 11:24:11.492612==========

Press c 出价, j 加价, enter 确认
第一次自动加价300 将于 2022-11-19 11:29:20 触发
第一次自动提交 将于 2022-11-19 11:29:30 触发
第二次自动加价600 将于 2022-11-19 11:29:49 触发
第二次自动提交 将于 2022-11-19 11:29:54.800000 触发
按v，自动测试加价和提交
按回车，设置为允许到时自动提交


=========2022-11-19 11:24:52.443834==========

Press c 出价, j 加价, enter 确认
第一次自动加价300 将于 2022-11-19 11:29:20 触发
第一次自动提交 将于 2022-11-19 11:29:30 触发
第二次自动加价600 将于 2022-11-19 11:29:49 触发
第二次自动提交 将于 2022-11-19 11:29:54.850000 触发
按v，自动测试加价和提交
按回车，设置为允许到时自动提交
2022-11-19 11:29:20.005677 !! 加价300
2022-11-19 11:29:20.005677 !! 加价300完毕
2022-11-19 11:29:24.872546 !! 验证码输入完毕
2022-11-19 11:29:30.003408 !! 提交
2022-11-19 11:29:30.003408 !! 提交完毕
2022-11-19 11:29:49.000655 !! 加价600
2022-11-19 11:29:49.000655 !! 加价600完毕
2022-11-19 11:29:52.841807 !! 验证码输入完毕
2022-11-19 11:29:54.852785 !! 提交
2022-11-19 11:29:54.852785 !! 提交完毕
2022-11-19 11:32:13.620533 !! 验证码输入完毕
2022-11-19 11:32:18.525444 !! 验证码输入完毕
2022-11-19 11:32:36.740032 !! 验证码输入完毕
2022-11-19 11:32:37.055115 !! 加价300
2022-11-19 11:32:37.055115 !! 加价300完毕
