

=========2023-02-18 11:20:02.707336==========

Press c 出价, j 加价, enter 确认
第一次自动加价300 将于 2023-02-18 11:29:20 触发
第一次自动提交 将于 2023-02-18 11:29:30 触发
第二次自动加价600 将于 2023-02-18 11:29:49 触发
第二次自动提交 将于 2023-02-18 11:29:56.500000 触发
按v，自动测试加价和提交
按回车，设置为允许到时自动提交


=========2023-02-18 11:21:54.711979==========

Press c 出价, j 加价, enter 确认
第一次自动加价300 将于 2023-02-18 11:29:30 触发
按v，自动测试加价和提交
第一次自动提交 将于 2023-02-18 11:29:37 触发
第二次自动加价600 将于 2023-02-18 11:29:49 触发
第二次自动提交 将于 2023-02-18 11:29:56.500000 触发
按回车，设置为允许到时自动提交


=========2023-02-18 11:22:20.539047==========

Press c 出价, j 加价, enter 确认
第一次自动加价300 将于 2023-02-18 11:29:30 触发
第一次自动提交 将于 2023-02-18 11:29:40 触发
第二次自动加价600 将于 2023-02-18 11:29:49 触发
第二次自动提交 将于 2023-02-18 11:29:56.500000 触发
按v，自动测试加价和提交
按回车，设置为允许到时自动提交
2023-02-18 11:29:30.008504 !! 加价300
2023-02-18 11:29:30.008504 !! 加价300完毕
2023-02-18 11:29:34.488340 !! 验证码输入完毕
2023-02-18 11:29:40.002415 !! 提交
2023-02-18 11:29:40.002415 !! 提交完毕
2023-02-18 11:29:49.007014 !! 加价600
2023-02-18 11:29:49.007014 !! 加价600完毕
2023-02-18 11:33:10.255352 !! 验证码输入完毕
2023-02-18 11:33:10.261295 !! 提交
2023-02-18 11:33:10.261295 !! 提交完毕


=========2023-02-18 11:55:39.244113==========

Press c 出价, j 加价, enter 确认
第一次自动加价300 将于 2023-02-18 11:29:30 触发
第一次自动提交 将于 2023-02-18 11:29:40 触发
第二次自动加价600 将于 2023-02-18 11:29:49 触发
第二次自动提交 将于 2023-02-18 11:29:56.500000 触发
2023-02-18 11:55:39.244655 !! 加价300
按v，自动测试加价和提交
按回车，设置为允许到时自动提交
！！！没有自动删除功能，请提交之后自行清除300数字！！！
2023-02-18 11:55:39.244655 !! 加价300完毕
2023-02-18 11:55:40.364980 !! 加价600
2023-02-18 11:55:40.364980 !! 加价600完毕
