

=========2023-04-22 11:04:53.742945==========

按下 i 确认当前鼠标位置为 *加价输入* 坐标：
加价(i)坐标: (2429, 881)
按下 j 确认当前鼠标位置为 *加价* 坐标：
加价(j)坐标: (2689, 880)
按下 c 确认当前鼠标位置为 *出价* 坐标：
出价(c)坐标: (2690, 1089)
按下 y 确认当前鼠标位置为 *输入验证码区域* 坐标：
验证区(y)坐标: (2409, 1240)
按下 q 确认当前鼠标位置为 *确认* 坐标：
确认(q)坐标: (2230, 1357)
Press c 出价, j 加价, enter 确认
第一次自动加价300 将于 2023-04-22 11:29:30 触发
第一次自动提交 将于 2023-04-22 11:29:40 触发
第二次自动加价600 将于 2023-04-22 11:29:49 触发
第二次自动提交 将于 2023-04-22 11:29:56.500000 触发
按v，自动测试加价和提交
按回车，设置为允许到时自动提交
！！！没有自动删除功能，请提交之后自行清除300数字！！！
2023-04-22 11:07:27.695108 !! 验证码输入完毕
2023-04-22 11:07:31.554945 !! 验证码输入完毕


=========2023-04-22 11:12:05.461078==========

Press c 出价, j 加价, enter 确认
第一次自动加价300 将于 2023-04-22 11:29:30 触发
第一次自动提交 将于 2023-04-22 11:29:40 触发
第二次自动加价600 将于 2023-04-22 11:29:49 触发
第二次自动提交 将于 2023-04-22 11:29:56.500000 触发
按v，自动测试加价和提交
按回车，设置为允许到时自动提交
！！！没有自动删除功能，请提交之后自行清除300数字！！！
2023-04-22 11:29:30.009446 !! 加价300
2023-04-22 11:29:30.009446 !! 加价300完毕
2023-04-22 11:29:36.582451 !! 验证码输入完毕
2023-04-22 11:29:40.009480 !! 提交
2023-04-22 11:29:40.009480 !! 提交完毕
2023-04-22 11:29:49.009284 !! 加价600
2023-04-22 11:29:49.009284 !! 加价600完毕
2023-04-22 11:29:52.975313 !! 验证码输入完毕
2023-04-22 11:29:56.501377 !! 提交
2023-04-22 11:29:56.501377 !! 提交完毕
