

===================



===================

Press c 出价, j 加价, enter 确认
第一次自动加价300 将于 2022-10-22 13:16:33.361118 触发
第一次自动提交 将于 2022-10-22 13:16:43.361118 触发
按v，自动测试加价和提交
第二次自动加价700 将于 2022-10-22 13:17:02.361118 触发
按回车，设置为允许到时自动提交
第二次自动提交 将于 2022-10-22 13:17:07.861118 触发
2022-10-22 13:17:08.364794 !! 加价300
2022-10-22 13:17:08.364794 !! 加价300完毕
2022-10-22 13:17:09.592338 !! 加价700
2022-10-22 13:17:09.592338 !! 加价700完毕
2022-10-22 13:17:12.791060 !! 验证码输入完毕
2022-10-22 13:17:12.797421 !! 提交
2022-10-22 13:17:12.797421 !! 提交完毕


========={datetime.now()}==========

Press c 出价, j 加价, enter 确认
第一次自动加价300 将于 2022-10-22 13:17:40.450940 触发
第一次自动提交 将于 2022-10-22 13:17:50.450940 触发
按v，自动测试加价和提交
第二次自动加价700 将于 2022-10-22 13:18:09.450940 触发
按回车，设置为允许到时自动提交
第二次自动提交 将于 2022-10-22 13:18:14.950940 触发
2022-10-22 13:18:10.454125 !! 加价300
2022-10-22 13:18:10.454125 !! 加价300完毕
2022-10-22 13:18:11.608065 !! 加价700
2022-10-22 13:18:11.608065 !! 加价700完毕


=========2022-10-22 13:18:31.788273==========

Press c 出价, j 加价, enter 确认
第一次自动加价300 将于 2022-10-22 13:18:05.189622 触发
第一次自动提交 将于 2022-10-22 13:18:15.189622 触发
第二次自动加价700 将于 2022-10-22 13:18:34.189622 触发
第二次自动提交 将于 2022-10-22 13:18:39.689622 触发
按v，自动测试加价和提交
按回车，设置为允许到时自动提交
2022-10-22 13:18:35.191847 !! 加价300
2022-10-22 13:18:35.191847 !! 加价300完毕
2022-10-22 13:18:36.400172 !! 加价700
2022-10-22 13:18:36.400172 !! 加价700完毕
2022-10-22 13:18:39.776441 !! 验证码输入完毕
2022-10-22 13:18:39.780951 !! 提交
2022-10-22 13:18:39.780951 !! 提交完毕
